--- PIF ---
(2, (-1, -1))
(5, (-1, -1))
(1, (97, 0))
(24, (-1, -1))
(1, (98, 0))
(24, (-1, -1))
(1, (99, 0))
(24, (-1, -1))
(1, (70, 0))
(23, (-1, -1))
(1, (97, 0))
(13, (-1, -1))
(0, (97, 0))
(23, (-1, -1))
(1, (98, 0))
(13, (-1, -1))
(0, (98, 0))
(23, (-1, -1))
(1, (99, 0))
(13, (-1, -1))
(0, (99, 0))
(23, (-1, -1))
(8, (-1, -1))
(17, (-1, -1))
(1, (97, 0))
(25, (-1, -1))
(1, (98, 0))
(14, (-1, -1))
(1, (97, 0))
(25, (-1, -1))
(1, (99, 0))
(18, (-1, -1))
(21, (-1, -1))
(1, (70, 0))
(13, (-1, -1))
(1, (97, 0))
(23, (-1, -1))
(22, (-1, -1))
(9, (-1, -1))
(17, (-1, -1))
(1, (98, 0))
(25, (-1, -1))
(1, (97, 0))
(14, (-1, -1))
(1, (98, 0))
(25, (-1, -1))
(1, (99, 0))
(18, (-1, -1))
(21, (-1, -1))
(1, (70, 0))
(13, (-1, -1))
(1, (98, 0))
(23, (-1, -1))
(22, (-1, -1))
(10, (-1, -1))
(21, (-1, -1))
(1, (70, 0))
(13, (-1, -1))
(1, (99, 0))
(23, (-1, -1))
(22, (-1, -1))
(3, (-1, -1))

