--- PIF ---
(2, (-1, -1))
(5, (-1, -1))
(1, (110, 0))
(24, (-1, -1))
(1, (85, 0))
(23, (-1, -1))
(1, (85, 0))
(13, (-1, -1))
(0, (48, 0))
(23, (-1, -1))
(1, (110, 0))
(13, (-1, -1))
(0, (97, 0))
(23, (-1, -1))
(7, (-1, -1))
(19, (-1, -1))
(5, (-1, -1))
(20, (-1, -1))
(1, (97, 0))
(19, (-1, -1))
(1, (110, 0))
(20, (-1, -1))
(23, (-1, -1))
(11, (-1, -1))
(17, (-1, -1))
(5, (-1, -1))
(1, (105, 0))
(23, (-1, -1))
(0, (48, 0))
(12, (-1, -1))
(1, (110, 0))
(0, (94, 0))
(23, (-1, -1))
(0, (49, 0))
(18, (-1, -1))
(21, (-1, -1))
(1, (85, 0))
(27, (-1, -1))
(1, (85, 0))
(31, (-1, -1))
(1, (97, 0))
(19, (-1, -1))
(1, (105, 0))
(20, (-1, -1))
(23, (-1, -1))
(22, (-1, -1))
(4, (-1, -1))
(17, (-1, -1))
(1, (85, 0))
(18, (-1, -1))
(23, (-1, -1))
(3, (-1, -1))

